[ 2025-12-24 08:30:36,813 ] 1025 httpx - INFO - HTTP Request: GET https://dagshub.com/api/v1/user "HTTP/1.1 200 OK"
[ 2025-12-24 08:30:36,828 ] 107 dagshub - INFO - Accessing as codeset14
[ 2025-12-24 08:30:37,834 ] 1025 httpx - INFO - HTTP Request: GET https://dagshub.com/api/v1/repos/codeset14/networksecurity "HTTP/1.1 200 OK"
[ 2025-12-24 08:30:38,248 ] 1025 httpx - INFO - HTTP Request: GET https://dagshub.com/api/v1/user "HTTP/1.1 200 OK"
[ 2025-12-24 08:30:38,252 ] 107 dagshub - INFO - Initialized MLflow to track repo "codeset14/networksecurity"
[ 2025-12-24 08:30:38,254 ] 107 dagshub - INFO - Repository codeset14/networksecurity initialized!
[ 2025-12-24 08:30:38,259 ] 20 root - INFO - Initiate the data ingestion
[ 2025-12-24 08:30:41,465 ] 63 root - INFO - Performed train test split on the dataframe
[ 2025-12-24 08:30:41,465 ] 65 root - INFO - Exited split_data_as_train_test method of Data_Ingestion class
[ 2025-12-24 08:30:41,466 ] 73 root - INFO - Exporting train and test file path.
[ 2025-12-24 08:30:41,577 ] 82 root - INFO - Exported train and test file path.
[ 2025-12-24 08:30:41,578 ] 22 root - INFO - Data Initiation Completed
[ 2025-12-24 08:30:41,608 ] 26 root - INFO - Initiate the data Validation
[ 2025-12-24 08:30:41,754 ] 34 root - INFO - Required number of columns:2
[ 2025-12-24 08:30:41,754 ] 35 root - INFO - Data frame has columns:31
[ 2025-12-24 08:30:41,754 ] 34 root - INFO - Required number of columns:2
[ 2025-12-24 08:30:41,754 ] 35 root - INFO - Data frame has columns:31
[ 2025-12-24 08:30:42,201 ] 28 root - INFO - data Validation Completed
[ 2025-12-24 08:30:42,201 ] 31 root - INFO - data Transformation started
[ 2025-12-24 08:30:42,201 ] 63 root - INFO - Entered initiate_data_transformation method of DataTransformation class
[ 2025-12-24 08:30:42,202 ] 65 root - INFO - Starting data transformation
[ 2025-12-24 08:30:42,243 ] 48 root - INFO - Entered get_data_trnasformer_object method of Trnasformation class
[ 2025-12-24 08:30:42,244 ] 53 root - INFO - Initialise KNNImputer with {'missing_values': nan, 'n_neighbors': 3, 'weights': 'uniform'}
[ 2025-12-24 08:30:42,273 ] 46 root - INFO - Entered the save_object method of MainUtils class
[ 2025-12-24 08:30:42,281 ] 50 root - INFO - Exited the save_object method of MainUtils class
[ 2025-12-24 08:30:42,281 ] 46 root - INFO - Entered the save_object method of MainUtils class
[ 2025-12-24 08:30:42,287 ] 50 root - INFO - Exited the save_object method of MainUtils class
[ 2025-12-24 08:30:42,289 ] 35 root - INFO - data Transformation completed
[ 2025-12-24 08:30:42,289 ] 37 root - INFO - Model Training sstared
