[ 2025-12-24 10:06:16,045 ] 1025 httpx - INFO - HTTP Request: GET https://dagshub.com/api/v1/user "HTTP/1.1 200 OK"
[ 2025-12-24 10:06:16,063 ] 107 dagshub - INFO - Accessing as codeset14
[ 2025-12-24 10:06:16,818 ] 1025 httpx - INFO - HTTP Request: GET https://dagshub.com/api/v1/repos/codeset14/networksecurity "HTTP/1.1 200 OK"
[ 2025-12-24 10:06:17,525 ] 1025 httpx - INFO - HTTP Request: GET https://dagshub.com/api/v1/user "HTTP/1.1 200 OK"
[ 2025-12-24 10:06:17,527 ] 107 dagshub - INFO - Initialized MLflow to track repo "codeset14/networksecurity"
[ 2025-12-24 10:06:17,528 ] 107 dagshub - INFO - Repository codeset14/networksecurity initialized!
[ 2025-12-24 10:06:17,530 ] 20 root - INFO - Initiate the data ingestion
[ 2025-12-24 10:06:24,283 ] 63 root - INFO - Performed train test split on the dataframe
[ 2025-12-24 10:06:24,283 ] 65 root - INFO - Exited split_data_as_train_test method of Data_Ingestion class
[ 2025-12-24 10:06:24,283 ] 73 root - INFO - Exporting train and test file path.
[ 2025-12-24 10:06:24,352 ] 82 root - INFO - Exported train and test file path.
[ 2025-12-24 10:06:24,353 ] 22 root - INFO - Data Initiation Completed
[ 2025-12-24 10:06:24,361 ] 26 root - INFO - Initiate the data Validation
[ 2025-12-24 10:06:24,416 ] 34 root - INFO - Required number of columns:2
[ 2025-12-24 10:06:24,416 ] 35 root - INFO - Data frame has columns:31
[ 2025-12-24 10:06:24,416 ] 34 root - INFO - Required number of columns:2
[ 2025-12-24 10:06:24,416 ] 35 root - INFO - Data frame has columns:31
[ 2025-12-24 10:06:24,582 ] 28 root - INFO - data Validation Completed
[ 2025-12-24 10:06:24,582 ] 31 root - INFO - data Transformation started
[ 2025-12-24 10:06:24,583 ] 63 root - INFO - Entered initiate_data_transformation method of DataTransformation class
[ 2025-12-24 10:06:24,583 ] 65 root - INFO - Starting data transformation
[ 2025-12-24 10:06:24,608 ] 48 root - INFO - Entered get_data_trnasformer_object method of Trnasformation class
[ 2025-12-24 10:06:24,608 ] 53 root - INFO - Initialise KNNImputer with {'missing_values': nan, 'n_neighbors': 3, 'weights': 'uniform'}
[ 2025-12-24 10:06:24,622 ] 46 root - INFO - Entered the save_object method of MainUtils class
[ 2025-12-24 10:06:24,625 ] 50 root - INFO - Exited the save_object method of MainUtils class
[ 2025-12-24 10:06:24,625 ] 46 root - INFO - Entered the save_object method of MainUtils class
[ 2025-12-24 10:06:24,628 ] 50 root - INFO - Exited the save_object method of MainUtils class
[ 2025-12-24 10:06:24,630 ] 35 root - INFO - data Transformation completed
[ 2025-12-24 10:06:24,630 ] 37 root - INFO - Model Training sstared
[ 2025-12-24 10:06:24,630 ] 39 root - INFO - Model Training config complete
