[ 2025-12-24 08:58:39,549 ] 1025 httpx - INFO - HTTP Request: GET https://dagshub.com/api/v1/user "HTTP/1.1 200 OK"
[ 2025-12-24 08:58:39,579 ] 107 dagshub - INFO - Accessing as codeset14
[ 2025-12-24 08:58:40,895 ] 1025 httpx - INFO - HTTP Request: GET https://dagshub.com/api/v1/repos/codeset14/networksecurity "HTTP/1.1 200 OK"
[ 2025-12-24 08:58:41,659 ] 1025 httpx - INFO - HTTP Request: GET https://dagshub.com/api/v1/user "HTTP/1.1 200 OK"
[ 2025-12-24 08:58:41,667 ] 107 dagshub - INFO - Initialized MLflow to track repo "codeset14/networksecurity"
[ 2025-12-24 08:58:41,671 ] 107 dagshub - INFO - Repository codeset14/networksecurity initialized!
[ 2025-12-24 08:58:41,673 ] 20 root - INFO - Initiate the data ingestion
[ 2025-12-24 08:58:45,280 ] 63 root - INFO - Performed train test split on the dataframe
[ 2025-12-24 08:58:45,281 ] 65 root - INFO - Exited split_data_as_train_test method of Data_Ingestion class
[ 2025-12-24 08:58:45,282 ] 73 root - INFO - Exporting train and test file path.
[ 2025-12-24 08:58:45,412 ] 82 root - INFO - Exported train and test file path.
[ 2025-12-24 08:58:45,413 ] 22 root - INFO - Data Initiation Completed
[ 2025-12-24 08:58:45,436 ] 26 root - INFO - Initiate the data Validation
[ 2025-12-24 08:58:45,553 ] 34 root - INFO - Required number of columns:2
[ 2025-12-24 08:58:45,553 ] 35 root - INFO - Data frame has columns:31
[ 2025-12-24 08:58:45,553 ] 34 root - INFO - Required number of columns:2
[ 2025-12-24 08:58:45,554 ] 35 root - INFO - Data frame has columns:31
[ 2025-12-24 08:58:45,947 ] 28 root - INFO - data Validation Completed
[ 2025-12-24 08:58:45,949 ] 31 root - INFO - data Transformation started
[ 2025-12-24 08:58:45,949 ] 63 root - INFO - Entered initiate_data_transformation method of DataTransformation class
[ 2025-12-24 08:58:45,950 ] 65 root - INFO - Starting data transformation
[ 2025-12-24 08:58:46,084 ] 48 root - INFO - Entered get_data_trnasformer_object method of Trnasformation class
[ 2025-12-24 08:58:46,085 ] 53 root - INFO - Initialise KNNImputer with {'missing_values': nan, 'n_neighbors': 3, 'weights': 'uniform'}
[ 2025-12-24 08:58:46,167 ] 46 root - INFO - Entered the save_object method of MainUtils class
[ 2025-12-24 08:58:46,183 ] 50 root - INFO - Exited the save_object method of MainUtils class
[ 2025-12-24 08:58:46,184 ] 46 root - INFO - Entered the save_object method of MainUtils class
[ 2025-12-24 08:58:46,197 ] 50 root - INFO - Exited the save_object method of MainUtils class
[ 2025-12-24 08:58:46,201 ] 35 root - INFO - data Transformation completed
[ 2025-12-24 08:58:46,202 ] 37 root - INFO - Model Training sstared
