[ 2025-12-23 10:48:28,299 ] 1025 httpx - INFO - HTTP Request: GET https://dagshub.com/api/v1/user "HTTP/1.1 200 OK"
[ 2025-12-23 10:48:28,322 ] 107 dagshub - INFO - Accessing as codeset14
[ 2025-12-23 10:48:29,166 ] 1025 httpx - INFO - HTTP Request: GET https://dagshub.com/api/v1/repos/codeset14/networksecurity "HTTP/1.1 200 OK"
[ 2025-12-23 10:48:29,980 ] 1025 httpx - INFO - HTTP Request: GET https://dagshub.com/api/v1/user "HTTP/1.1 200 OK"
[ 2025-12-23 10:48:29,987 ] 107 dagshub - INFO - Initialized MLflow to track repo "codeset14/networksecurity"
[ 2025-12-23 10:48:29,990 ] 107 dagshub - INFO - Repository codeset14/networksecurity initialized!
[ 2025-12-23 10:48:30,010 ] 20 root - INFO - Initiate the data ingestion
[ 2025-12-23 10:48:40,809 ] 63 root - INFO - Performed train test split on the dataframe
[ 2025-12-23 10:48:40,809 ] 65 root - INFO - Exited split_data_as_train_test method of Data_Ingestion class
[ 2025-12-23 10:48:40,810 ] 73 root - INFO - Exporting train and test file path.
[ 2025-12-23 10:48:40,916 ] 82 root - INFO - Exported train and test file path.
[ 2025-12-23 10:48:40,916 ] 22 root - INFO - Data Initiation Completed
[ 2025-12-23 10:48:40,931 ] 26 root - INFO - Initiate the data Validation
[ 2025-12-23 10:48:41,063 ] 34 root - INFO - Required number of columns:2
[ 2025-12-23 10:48:41,064 ] 35 root - INFO - Data frame has columns:31
[ 2025-12-23 10:48:41,064 ] 34 root - INFO - Required number of columns:2
[ 2025-12-23 10:48:41,064 ] 35 root - INFO - Data frame has columns:31
[ 2025-12-23 10:48:41,563 ] 28 root - INFO - data Validation Completed
[ 2025-12-23 10:48:41,564 ] 31 root - INFO - data Transformation started
[ 2025-12-23 10:48:41,564 ] 63 root - INFO - Entered initiate_data_transformation method of DataTransformation class
[ 2025-12-23 10:48:41,564 ] 65 root - INFO - Starting data transformation
[ 2025-12-23 10:48:41,638 ] 48 root - INFO - Entered get_data_trnasformer_object method of Trnasformation class
[ 2025-12-23 10:48:41,638 ] 53 root - INFO - Initialise KNNImputer with {'missing_values': nan, 'n_neighbors': 3, 'weights': 'uniform'}
[ 2025-12-23 10:48:41,679 ] 46 root - INFO - Entered the save_object method of MainUtils class
[ 2025-12-23 10:48:41,688 ] 50 root - INFO - Exited the save_object method of MainUtils class
[ 2025-12-23 10:48:41,688 ] 46 root - INFO - Entered the save_object method of MainUtils class
[ 2025-12-23 10:48:41,697 ] 50 root - INFO - Exited the save_object method of MainUtils class
[ 2025-12-23 10:48:41,700 ] 35 root - INFO - data Transformation completed
[ 2025-12-23 10:48:41,701 ] 37 root - INFO - Model Training sstared
