[ 2025-12-24 10:31:47,807 ] 1025 httpx - INFO - HTTP Request: GET https://dagshub.com/api/v1/user "HTTP/1.1 200 OK"
[ 2025-12-24 10:31:47,815 ] 107 dagshub - INFO - Accessing as codeset14
[ 2025-12-24 10:31:48,591 ] 1025 httpx - INFO - HTTP Request: GET https://dagshub.com/api/v1/repos/codeset14/networksecurity "HTTP/1.1 200 OK"
[ 2025-12-24 10:31:49,332 ] 1025 httpx - INFO - HTTP Request: GET https://dagshub.com/api/v1/user "HTTP/1.1 200 OK"
[ 2025-12-24 10:31:49,336 ] 107 dagshub - INFO - Initialized MLflow to track repo "codeset14/networksecurity"
[ 2025-12-24 10:31:49,338 ] 107 dagshub - INFO - Repository codeset14/networksecurity initialized!
[ 2025-12-24 10:31:49,339 ] 20 root - INFO - Initiate the data ingestion
[ 2025-12-24 10:31:59,475 ] 63 root - INFO - Performed train test split on the dataframe
[ 2025-12-24 10:31:59,475 ] 65 root - INFO - Exited split_data_as_train_test method of Data_Ingestion class
[ 2025-12-24 10:31:59,476 ] 73 root - INFO - Exporting train and test file path.
[ 2025-12-24 10:31:59,541 ] 82 root - INFO - Exported train and test file path.
[ 2025-12-24 10:31:59,541 ] 22 root - INFO - Data Initiation Completed
[ 2025-12-24 10:31:59,569 ] 26 root - INFO - Initiate the data Validation
[ 2025-12-24 10:31:59,622 ] 34 root - INFO - Required number of columns:2
[ 2025-12-24 10:31:59,622 ] 35 root - INFO - Data frame has columns:31
[ 2025-12-24 10:31:59,622 ] 34 root - INFO - Required number of columns:2
[ 2025-12-24 10:31:59,622 ] 35 root - INFO - Data frame has columns:31
[ 2025-12-24 10:31:59,789 ] 28 root - INFO - data Validation Completed
[ 2025-12-24 10:31:59,789 ] 31 root - INFO - data Transformation started
[ 2025-12-24 10:31:59,789 ] 63 root - INFO - Entered initiate_data_transformation method of DataTransformation class
[ 2025-12-24 10:31:59,790 ] 65 root - INFO - Starting data transformation
[ 2025-12-24 10:31:59,816 ] 48 root - INFO - Entered get_data_trnasformer_object method of Trnasformation class
[ 2025-12-24 10:31:59,816 ] 53 root - INFO - Initialise KNNImputer with {'missing_values': nan, 'n_neighbors': 3, 'weights': 'uniform'}
[ 2025-12-24 10:31:59,831 ] 46 root - INFO - Entered the save_object method of MainUtils class
[ 2025-12-24 10:31:59,835 ] 50 root - INFO - Exited the save_object method of MainUtils class
[ 2025-12-24 10:31:59,835 ] 46 root - INFO - Entered the save_object method of MainUtils class
[ 2025-12-24 10:31:59,837 ] 50 root - INFO - Exited the save_object method of MainUtils class
[ 2025-12-24 10:31:59,839 ] 35 root - INFO - data Transformation completed
[ 2025-12-24 10:31:59,839 ] 37 root - INFO - Model Training sstared
[ 2025-12-24 10:31:59,839 ] 39 root - INFO - Model Training config complete
