[ 2025-12-24 09:49:17,904 ] 1025 httpx - INFO - HTTP Request: GET https://dagshub.com/api/v1/user "HTTP/1.1 200 OK"
[ 2025-12-24 09:49:17,922 ] 107 dagshub - INFO - Accessing as codeset14
[ 2025-12-24 09:49:18,841 ] 1025 httpx - INFO - HTTP Request: GET https://dagshub.com/api/v1/repos/codeset14/networksecurity "HTTP/1.1 200 OK"
[ 2025-12-24 09:49:19,710 ] 1025 httpx - INFO - HTTP Request: GET https://dagshub.com/api/v1/user "HTTP/1.1 200 OK"
[ 2025-12-24 09:49:19,712 ] 107 dagshub - INFO - Initialized MLflow to track repo "codeset14/networksecurity"
[ 2025-12-24 09:49:19,713 ] 107 dagshub - INFO - Repository codeset14/networksecurity initialized!
[ 2025-12-24 09:49:19,714 ] 20 root - INFO - Initiate the data ingestion
[ 2025-12-24 09:49:23,240 ] 63 root - INFO - Performed train test split on the dataframe
[ 2025-12-24 09:49:23,240 ] 65 root - INFO - Exited split_data_as_train_test method of Data_Ingestion class
[ 2025-12-24 09:49:23,241 ] 73 root - INFO - Exporting train and test file path.
[ 2025-12-24 09:49:23,305 ] 82 root - INFO - Exported train and test file path.
[ 2025-12-24 09:49:23,306 ] 22 root - INFO - Data Initiation Completed
[ 2025-12-24 09:49:23,313 ] 26 root - INFO - Initiate the data Validation
[ 2025-12-24 09:49:23,370 ] 34 root - INFO - Required number of columns:2
[ 2025-12-24 09:49:23,371 ] 35 root - INFO - Data frame has columns:31
[ 2025-12-24 09:49:23,371 ] 34 root - INFO - Required number of columns:2
[ 2025-12-24 09:49:23,371 ] 35 root - INFO - Data frame has columns:31
[ 2025-12-24 09:49:23,511 ] 28 root - INFO - data Validation Completed
[ 2025-12-24 09:49:23,511 ] 31 root - INFO - data Transformation started
[ 2025-12-24 09:49:23,511 ] 63 root - INFO - Entered initiate_data_transformation method of DataTransformation class
[ 2025-12-24 09:49:23,511 ] 65 root - INFO - Starting data transformation
[ 2025-12-24 09:49:23,535 ] 48 root - INFO - Entered get_data_trnasformer_object method of Trnasformation class
[ 2025-12-24 09:49:23,535 ] 53 root - INFO - Initialise KNNImputer with {'missing_values': nan, 'n_neighbors': 3, 'weights': 'uniform'}
[ 2025-12-24 09:49:23,555 ] 46 root - INFO - Entered the save_object method of MainUtils class
[ 2025-12-24 09:49:23,559 ] 50 root - INFO - Exited the save_object method of MainUtils class
[ 2025-12-24 09:49:23,559 ] 46 root - INFO - Entered the save_object method of MainUtils class
[ 2025-12-24 09:49:23,562 ] 50 root - INFO - Exited the save_object method of MainUtils class
[ 2025-12-24 09:49:23,563 ] 35 root - INFO - data Transformation completed
[ 2025-12-24 09:49:23,563 ] 37 root - INFO - Model Training sstared
[ 2025-12-24 09:49:23,563 ] 39 root - INFO - Model Training config complete
