[ 2025-12-24 11:02:18,784 ] 1025 httpx - INFO - HTTP Request: GET https://dagshub.com/api/v1/user "HTTP/1.1 200 OK"
[ 2025-12-24 11:02:18,827 ] 107 dagshub - INFO - Accessing as codeset14
[ 2025-12-24 11:02:19,773 ] 1025 httpx - INFO - HTTP Request: GET https://dagshub.com/api/v1/repos/codeset14/networksecurity "HTTP/1.1 200 OK"
[ 2025-12-24 11:02:20,570 ] 1025 httpx - INFO - HTTP Request: GET https://dagshub.com/api/v1/user "HTTP/1.1 200 OK"
[ 2025-12-24 11:02:20,578 ] 107 dagshub - INFO - Initialized MLflow to track repo "codeset14/networksecurity"
[ 2025-12-24 11:02:20,582 ] 107 dagshub - INFO - Repository codeset14/networksecurity initialized!
[ 2025-12-24 11:02:20,584 ] 20 root - INFO - Initiate the data ingestion
[ 2025-12-24 11:02:35,306 ] 63 root - INFO - Performed train test split on the dataframe
[ 2025-12-24 11:02:35,306 ] 65 root - INFO - Exited split_data_as_train_test method of Data_Ingestion class
[ 2025-12-24 11:02:35,307 ] 73 root - INFO - Exporting train and test file path.
[ 2025-12-24 11:02:35,517 ] 82 root - INFO - Exported train and test file path.
[ 2025-12-24 11:02:35,519 ] 22 root - INFO - Data Initiation Completed
[ 2025-12-24 11:02:35,546 ] 26 root - INFO - Initiate the data Validation
[ 2025-12-24 11:02:35,692 ] 34 root - INFO - Required number of columns:2
[ 2025-12-24 11:02:35,692 ] 35 root - INFO - Data frame has columns:31
[ 2025-12-24 11:02:35,692 ] 34 root - INFO - Required number of columns:2
[ 2025-12-24 11:02:35,692 ] 35 root - INFO - Data frame has columns:31
[ 2025-12-24 11:02:36,189 ] 28 root - INFO - data Validation Completed
[ 2025-12-24 11:02:36,190 ] 31 root - INFO - data Transformation started
[ 2025-12-24 11:02:36,190 ] 63 root - INFO - Entered initiate_data_transformation method of DataTransformation class
[ 2025-12-24 11:02:36,190 ] 65 root - INFO - Starting data transformation
[ 2025-12-24 11:02:36,261 ] 48 root - INFO - Entered get_data_trnasformer_object method of Trnasformation class
[ 2025-12-24 11:02:36,261 ] 53 root - INFO - Initialise KNNImputer with {'missing_values': nan, 'n_neighbors': 3, 'weights': 'uniform'}
[ 2025-12-24 11:02:36,318 ] 46 root - INFO - Entered the save_object method of MainUtils class
[ 2025-12-24 11:02:36,328 ] 50 root - INFO - Exited the save_object method of MainUtils class
[ 2025-12-24 11:02:36,329 ] 46 root - INFO - Entered the save_object method of MainUtils class
[ 2025-12-24 11:02:36,339 ] 50 root - INFO - Exited the save_object method of MainUtils class
[ 2025-12-24 11:02:36,342 ] 35 root - INFO - data Transformation completed
[ 2025-12-24 11:02:36,343 ] 37 root - INFO - Model Training sstared
[ 2025-12-24 11:02:36,343 ] 39 root - INFO - Model Training config complete
