[ 2025-12-24 09:55:30,405 ] 1025 httpx - INFO - HTTP Request: GET https://dagshub.com/api/v1/user "HTTP/1.1 200 OK"
[ 2025-12-24 09:55:30,412 ] 107 dagshub - INFO - Accessing as codeset14
[ 2025-12-24 09:55:31,315 ] 1025 httpx - INFO - HTTP Request: GET https://dagshub.com/api/v1/repos/codeset14/networksecurity "HTTP/1.1 200 OK"
[ 2025-12-24 09:55:32,152 ] 1025 httpx - INFO - HTTP Request: GET https://dagshub.com/api/v1/user "HTTP/1.1 200 OK"
[ 2025-12-24 09:55:32,155 ] 107 dagshub - INFO - Initialized MLflow to track repo "codeset14/networksecurity"
[ 2025-12-24 09:55:32,156 ] 107 dagshub - INFO - Repository codeset14/networksecurity initialized!
[ 2025-12-24 09:55:32,156 ] 20 root - INFO - Initiate the data ingestion
[ 2025-12-24 09:55:35,972 ] 63 root - INFO - Performed train test split on the dataframe
[ 2025-12-24 09:55:35,972 ] 65 root - INFO - Exited split_data_as_train_test method of Data_Ingestion class
[ 2025-12-24 09:55:35,973 ] 73 root - INFO - Exporting train and test file path.
[ 2025-12-24 09:55:36,065 ] 82 root - INFO - Exported train and test file path.
[ 2025-12-24 09:55:36,066 ] 22 root - INFO - Data Initiation Completed
[ 2025-12-24 09:55:36,076 ] 26 root - INFO - Initiate the data Validation
[ 2025-12-24 09:55:36,144 ] 34 root - INFO - Required number of columns:2
[ 2025-12-24 09:55:36,144 ] 35 root - INFO - Data frame has columns:31
[ 2025-12-24 09:55:36,144 ] 34 root - INFO - Required number of columns:2
[ 2025-12-24 09:55:36,144 ] 35 root - INFO - Data frame has columns:31
[ 2025-12-24 09:55:36,334 ] 28 root - INFO - data Validation Completed
[ 2025-12-24 09:55:36,334 ] 31 root - INFO - data Transformation started
[ 2025-12-24 09:55:36,334 ] 63 root - INFO - Entered initiate_data_transformation method of DataTransformation class
[ 2025-12-24 09:55:36,334 ] 65 root - INFO - Starting data transformation
[ 2025-12-24 09:55:36,365 ] 48 root - INFO - Entered get_data_trnasformer_object method of Trnasformation class
[ 2025-12-24 09:55:36,365 ] 53 root - INFO - Initialise KNNImputer with {'missing_values': nan, 'n_neighbors': 3, 'weights': 'uniform'}
[ 2025-12-24 09:55:36,380 ] 46 root - INFO - Entered the save_object method of MainUtils class
[ 2025-12-24 09:55:36,386 ] 50 root - INFO - Exited the save_object method of MainUtils class
[ 2025-12-24 09:55:36,386 ] 46 root - INFO - Entered the save_object method of MainUtils class
[ 2025-12-24 09:55:36,389 ] 50 root - INFO - Exited the save_object method of MainUtils class
[ 2025-12-24 09:55:36,391 ] 35 root - INFO - data Transformation completed
[ 2025-12-24 09:55:36,391 ] 37 root - INFO - Model Training sstared
[ 2025-12-24 09:55:36,391 ] 39 root - INFO - Model Training config complete
[ 2025-12-24 10:00:20,309 ] 868 urllib3.connectionpool - WARNING - Retrying (Retry(total=6, connect=6, read=7, redirect=7, status=7)) after connection broken by 'ConnectTimeoutError(<HTTPSConnection(host='dagshub.com', port=443) at 0x1a12ee36650>, 'Connection to dagshub.com timed out. (connect timeout=120)')': /codeset14/networksecurity.mlflow/api/2.0/mlflow/runs/create
[ 2025-12-24 10:01:06,388 ] 868 urllib3.connectionpool - WARNING - Retrying (Retry(total=5, connect=5, read=7, redirect=7, status=7)) after connection broken by 'ConnectTimeoutError(<HTTPSConnection(host='dagshub.com', port=443) at 0x1a12ee36a10>, 'Connection to dagshub.com timed out. (connect timeout=120)')': /codeset14/networksecurity.mlflow/api/2.0/mlflow/runs/create
[ 2025-12-24 10:01:57,128 ] 868 urllib3.connectionpool - WARNING - Retrying (Retry(total=4, connect=4, read=7, redirect=7, status=7)) after connection broken by 'ConnectTimeoutError(<HTTPSConnection(host='dagshub.com', port=443) at 0x1a12ee367a0>, 'Connection to dagshub.com timed out. (connect timeout=120)')': /codeset14/networksecurity.mlflow/api/2.0/mlflow/runs/create
[ 2025-12-24 10:02:56,070 ] 868 urllib3.connectionpool - WARNING - Retrying (Retry(total=3, connect=3, read=7, redirect=7, status=7)) after connection broken by 'ConnectTimeoutError(<HTTPSConnection(host='dagshub.com', port=443) at 0x1a12ee37910>, 'Connection to dagshub.com timed out. (connect timeout=120)')': /codeset14/networksecurity.mlflow/api/2.0/mlflow/runs/create
[ 2025-12-24 10:04:10,679 ] 868 urllib3.connectionpool - WARNING - Retrying (Retry(total=2, connect=2, read=7, redirect=7, status=7)) after connection broken by 'ConnectTimeoutError(<HTTPSConnection(host='dagshub.com', port=443) at 0x1a12ee37a60>, 'Connection to dagshub.com timed out. (connect timeout=120)')': /codeset14/networksecurity.mlflow/api/2.0/mlflow/runs/create
[ 2025-12-24 10:05:56,909 ] 868 urllib3.connectionpool - WARNING - Retrying (Retry(total=1, connect=1, read=7, redirect=7, status=7)) after connection broken by 'ConnectTimeoutError(<HTTPSConnection(host='dagshub.com', port=443) at 0x1a12ee36470>, 'Connection to dagshub.com timed out. (connect timeout=120)')': /codeset14/networksecurity.mlflow/api/2.0/mlflow/runs/create
